2026-02-24 11:52:22 [main] INFO  Log - Open webdriver
2026-02-24 11:52:59 [main] INFO  Log - Open browser
2026-02-24 11:52:59 [main] INFO  Log - Navigate to 'https://saucedemo.com'
2026-02-24 11:53:01 [main] INFO  Log - Enter valid username 'standard_user' and valid password 'secret_sauce'
2026-02-24 11:53:01 [main] INFO  Log - Clicking login button
2026-02-24 11:53:02 [main] INFO  Log - Validate expected 'Products' match with actual Products
2026-02-24 11:53:02 [main] INFO  Log - Quitting session and close browser
2026-02-24 11:59:45 [main] INFO  Log - Open webdriver
2026-02-24 11:59:47 [main] INFO  Log - Open browser
2026-02-24 11:59:47 [main] INFO  Log - Navigate to 'https://saucedemo.com'
2026-02-24 11:59:50 [main] INFO  Log - Enter valid username 'standard_user' and valid password 'secret_sauce'
2026-02-24 11:59:51 [main] INFO  Log - Clicking login button
2026-02-24 11:59:51 [main] INFO  Log - Validate expected 'Products' match with actual Products
2026-02-24 11:59:51 [main] INFO  Log - Quitting session and close browser
2026-02-24 12:05:17 [main] INFO  Log - Open webdriver
2026-02-24 12:05:19 [main] INFO  Log - Open browser
2026-02-24 12:05:19 [main] INFO  Log - Navigate to 'https://saucedemo.com'
2026-02-24 12:05:21 [main] INFO  Log - Enter valid username 'standard_user' and valid password 'secret_sauce'
2026-02-24 12:05:21 [main] INFO  Log - Clicking login button
2026-02-24 12:05:21 [main] INFO  Log - Validate expected 'Products' match with actual Products
2026-02-24 12:05:21 [main] INFO  Log - Quitting session and close browser
2026-02-24 12:06:19 [main] INFO  Log - Open webdriver
2026-02-24 12:06:21 [main] INFO  Log - Open browser
2026-02-24 12:06:21 [main] INFO  Log - Navigate to 'https://saucedemo.com'
2026-02-24 12:06:24 [main] INFO  Log - Enter valid username 'standard_user' and valid password 'secret_sauce'
2026-02-24 12:06:24 [main] INFO  Log - Clicking login button
2026-02-24 12:06:24 [main] INFO  Log - Validate expected 'Products' match with actual Products
2026-02-24 12:06:25 [main] INFO  Log - Quitting session and close browser
2026-02-24 12:08:00 [main] INFO  Log - Open webdriver
2026-02-24 12:08:02 [main] INFO  Log - Open browser
2026-02-24 12:08:02 [main] INFO  Log - Navigate to 'https://saucedemo.com'
2026-02-24 12:08:05 [main] INFO  Log - Enter valid username 'standard_user' and valid password 'secret_sauce'
2026-02-24 12:08:05 [main] INFO  Log - Clicking login button
2026-02-24 12:08:06 [main] INFO  Log - Validate expected 'Products' match with actual Products
2026-02-24 12:08:06 [main] INFO  Log - Quitting session and close browser
2026-02-24 12:09:19 [main] INFO  Log - Open webdriver
2026-02-24 12:09:21 [main] INFO  Log - Open browser
2026-02-24 12:09:21 [main] INFO  Log - Navigate to 'https://saucedemo.com'
2026-02-24 12:09:24 [main] INFO  Log - Enter valid username 'standard_user' and valid password 'secret_sauce'
2026-02-24 12:09:24 [main] INFO  Log - Clicking login button
2026-02-24 12:09:24 [main] INFO  Log - Validate expected 'Products' match with actual Products
2026-02-24 12:09:24 [main] INFO  Log - Quitting session and close browser
2026-02-24 12:12:07 [main] INFO  Log - Open webdriver
2026-02-24 12:12:09 [main] INFO  Log - Open browser
2026-02-24 12:12:09 [main] INFO  Log - Navigate to 'https://saucedemo.com'
2026-02-24 12:12:11 [main] INFO  Log - Enter valid username 'standard_user' and valid password 'secret_sauce'
2026-02-24 12:12:11 [main] INFO  Log - Clicking login button
2026-02-24 12:12:12 [main] INFO  Log - Validate expected 'Products' match with actual Products
2026-02-24 12:12:12 [main] INFO  Log - Quitting session and close browser
2026-02-24 12:13:15 [main] INFO  Log - Open webdriver
2026-02-24 12:13:17 [main] INFO  Log - Open browser
2026-02-24 12:13:17 [main] INFO  Log - Navigate to 'https://saucedemo.com'
2026-02-24 12:13:19 [main] INFO  Log - Enter valid username 'standard_user' and valid password 'secret_sauce'
2026-02-24 12:13:19 [main] INFO  Log - Clicking login button
2026-02-24 12:13:20 [main] INFO  Log - Validate expected 'Products' match with actual Products
2026-02-24 12:13:20 [main] INFO  Log - Quitting session and close browser
2026-02-24 12:14:49 [main] INFO  Log - Open webdriver
2026-02-24 12:14:51 [main] INFO  Log - Open browser
2026-02-24 12:14:51 [main] INFO  Log - Navigate to 'https://saucedemo.com'
2026-02-24 12:14:53 [main] INFO  Log - Enter valid username 'standard_user' and valid password 'secret_sauce'
2026-02-24 12:14:53 [main] INFO  Log - Clicking login button
2026-02-24 12:14:53 [main] INFO  Log - Validate expected 'Products' match with actual Products
2026-02-24 12:14:53 [main] INFO  Log - Quitting session and close browser
2026-02-24 14:43:20 [main] INFO  Log - Open webdriver
2026-02-24 14:43:26 [main] INFO  Log - Open browser
2026-02-24 14:43:26 [main] INFO  Log - Navigate to 'https://saucedemo.com'
2026-02-24 14:43:33 [main] INFO  Log - Enter valid username 'standard_user' and valid password 'secret_sauce'
2026-02-24 14:43:34 [main] INFO  Log - Clicking login button
2026-02-24 14:43:34 [main] INFO  Log - Validate user redirected to product page, expected 'Products' title match with actual Products
2026-02-24 14:43:34 [main] INFO  Log - Validate user redirected to URL: https://www.saucedemo.com/inventory.html
2026-02-24 14:43:34 [main] INFO  Log - Quitting session and close browser
2026-02-24 14:45:54 [main] INFO  Log - Open webdriver
2026-02-24 14:45:56 [main] INFO  Log - Open browser
2026-02-24 14:45:56 [main] INFO  Log - Navigate to 'https://saucedemo.com'
2026-02-24 14:45:58 [main] INFO  Log - Enter valid username 'standard_user' and valid password 'secret_sauce'
2026-02-24 14:45:59 [main] INFO  Log - Clicking login button
2026-02-24 14:45:59 [main] INFO  Log - Validate user redirected to product page, expected 'Products' title match with actual Products
2026-02-24 14:45:59 [main] INFO  Log - Validate user redirected to URL: https://www.saucedemo.com/inventory.html
2026-02-24 14:45:59 [main] INFO  Log - Quitting session and close browser
2026-02-24 14:48:36 [main] INFO  Log - Open webdriver
2026-02-24 14:48:38 [main] INFO  Log - Open browser
2026-02-24 14:48:38 [main] INFO  Log - Navigate to 'https://saucedemo.com'
2026-02-24 14:48:43 [main] INFO  Log - Enter valid username 'standard_user' and valid password 'secret_sauce'
2026-02-24 14:48:43 [main] INFO  Log - Clicking login button
2026-02-24 14:48:43 [main] INFO  Log - Validate user redirected to product page, expected 'Products' title match with actual Products
2026-02-24 14:48:44 [main] INFO  Log - Quitting session and close browser
2026-02-24 14:51:08 [main] INFO  Log - Open webdriver
2026-02-24 14:51:10 [main] INFO  Log - Open browser
2026-02-24 14:51:10 [main] INFO  Log - Navigate to 'https://saucedemo.com'
2026-02-24 14:51:12 [main] INFO  Log - Enter valid username 'standard_user' and valid password 'secret_sauce'
2026-02-24 14:51:13 [main] INFO  Log - Clicking login button
2026-02-24 14:51:13 [main] INFO  Log - Validate user redirected to product page, expected 'Products' title match with actual Products
2026-02-24 14:51:13 [main] ERROR Log - TEST FAILED - Expected: Product | Actual: Products
2026-02-24 14:51:13 [main] INFO  Log - Quitting session and close browser
2026-02-24 14:52:12 [main] INFO  Log - Open webdriver
2026-02-24 14:52:14 [main] INFO  Log - Open browser
2026-02-24 14:52:14 [main] INFO  Log - Navigate to 'https://saucedemo.com'
2026-02-24 14:52:16 [main] INFO  Log - Enter valid username 'standard_user' and valid password 'secret_sauce'
2026-02-24 14:52:16 [main] INFO  Log - Clicking login button
2026-02-24 14:52:17 [main] INFO  Log - Validate user redirected to product page, expected 'Products' title match with actual Products
2026-02-24 14:52:17 [main] ERROR Log - TEST FAILED - Login with Valid Username and PasswordExpected: Product | Actual: Products
2026-02-24 14:52:17 [main] INFO  Log - Quitting session and close browser
2026-02-24 15:14:13 [main] INFO  Log - Open webdriver
2026-02-24 15:14:15 [main] INFO  Log - Open browser
2026-02-24 15:14:15 [main] INFO  Log - Navigate to 'https://saucedemo.com'
2026-02-24 15:14:18 [main] INFO  Log - Enter valid username 'standard_user' and valid password 'secret_sauce'
2026-02-24 15:14:18 [main] INFO  Log - Clicking login button
2026-02-24 15:14:19 [main] INFO  Log - Validate user redirected to product page, expected 'Products' title match with actual Products
2026-02-24 15:14:19 [main] ERROR Log - TEST FAILED - Login with Valid Username and Password | Expected: Product | Actual: Products
2026-02-24 15:14:19 [main] INFO  Log - Quitting session and close browser
2026-02-24 15:14:19 [main] INFO  Log - Open webdriver
2026-02-24 15:14:20 [main] INFO  Log - Open browser
2026-02-24 15:14:21 [main] INFO  Log - Navigate to 'https://saucedemo.com'
2026-02-24 15:14:23 [main] INFO  Log - Input credentials with invalid username
2026-02-24 15:14:23 [main] INFO  Log - Click login button
2026-02-24 15:14:23 [main] INFO  Log - Get error message: Epic sadface: Username and password do not match any user in this service
2026-02-24 15:14:23 [main] INFO  Log - Get page URL: https://www.saucedemo.com/
2026-02-24 15:14:23 [main] INFO  Log - Validate user failed to login and still on login page with url: https://www.saucedemo.com/
2026-02-24 15:14:23 [main] INFO  Log - Validate user failed to login and error message is displayed correctly
2026-02-24 15:14:23 [main] ERROR Log - TEST FAILED - Vakidate error message when login with invalid username | Expected: \uD83D\uDE2D: Username and password do not match any user in this service | Actual: Epic sadface: Username and password do not match any user in this service
2026-02-24 15:14:23 [main] INFO  Log - Quitting session and close browser
2026-02-24 15:17:48 [main] INFO  Log - Open webdriver
2026-02-24 15:17:50 [main] INFO  Log - Open browser
2026-02-24 15:17:50 [main] INFO  Log - Navigate to 'https://saucedemo.com'
2026-02-24 15:17:52 [main] INFO  Log - Enter valid username 'standard_user' and valid password 'secret_sauce'
2026-02-24 15:17:52 [main] INFO  Log - Clicking login button
2026-02-24 15:17:53 [main] INFO  Log - Validate user redirected to product page, expected 'Products' title match with actual Products
2026-02-24 15:17:53 [main] INFO  Log - Validate user redirected to URL: https://www.saucedemo.com/inventory.html
2026-02-24 15:17:53 [main] INFO  Log - Quitting session and close browser
2026-02-24 15:17:53 [main] INFO  Log - Open webdriver
2026-02-24 15:17:54 [main] INFO  Log - Open browser
2026-02-24 15:17:54 [main] INFO  Log - Navigate to 'https://saucedemo.com'
2026-02-24 15:17:56 [main] INFO  Log - Input credentials with invalid username
2026-02-24 15:17:57 [main] INFO  Log - Click login button
2026-02-24 15:17:57 [main] INFO  Log - Get error message: Epic sadface: Username and password do not match any user in this service
2026-02-24 15:17:57 [main] INFO  Log - Get page URL: https://www.saucedemo.com/
2026-02-24 15:17:57 [main] INFO  Log - Validate user failed to login and still on login page with url: https://www.saucedemo.com/
2026-02-24 15:17:57 [main] INFO  Log - Validate user failed to login and error message is displayed correctly
2026-02-24 15:17:57 [main] ERROR Log - TEST FAILED - Validate error message when login with invalid username | Expected: 😭: Username and password do not match any user in this service | Actual: Epic sadface: Username and password do not match any user in this service
2026-02-24 15:17:57 [main] INFO  Log - Quitting session and close browser
2026-02-24 15:26:50 [main] INFO  Log - Open webdriver
2026-02-24 15:26:52 [main] INFO  Log - Open browser
2026-02-24 15:26:52 [main] INFO  Log - Navigate to 'https://saucedemo.com'
2026-02-24 15:26:55 [main] INFO  Log - Enter valid username 'standard_user' and valid password 'secret_sauce'
2026-02-24 15:26:55 [main] INFO  Log - Clicking login button
2026-02-24 15:26:55 [main] INFO  Log - Validate user redirected to product page, expected 'Products' title match with actual Products
2026-02-24 15:26:55 [main] INFO  Log - Validate user redirected to URL: https://www.saucedemo.com/inventory.html
2026-02-24 15:26:55 [main] INFO  Log - Quitting session and close browser
2026-02-24 15:26:55 [main] INFO  Log - Open webdriver
2026-02-24 15:26:57 [main] INFO  Log - Open browser
2026-02-24 15:26:57 [main] INFO  Log - Navigate to 'https://saucedemo.com'
2026-02-24 15:26:59 [main] INFO  Log - Input credentials with invalid password
2026-02-24 15:26:59 [main] INFO  Log - Click on login button
2026-02-24 15:26:59 [main] INFO  Log - Get page url: https://www.saucedemo.com/
2026-02-24 15:26:59 [main] INFO  Log - Get error message: Epic sadface: Username and password do not match any user in this service
2026-02-24 15:26:59 [main] INFO  Log - Validate user failed to login and still on login page with url: https://www.saucedemo.com/
2026-02-24 15:26:59 [main] INFO  Log - Validate user failed to login and error message is displayed correctly
2026-02-24 15:26:59 [main] ERROR Log - TEST FAILED - Validate error message when login with invalid password | Expected: 😭: Username and password do not match any user in this service | Actual: Epic sadface: Username and password do not match any user in this service
2026-02-24 15:26:59 [main] INFO  Log - Quitting session and close browser
2026-02-24 15:26:59 [main] INFO  Log - Open webdriver
2026-02-24 15:27:01 [main] INFO  Log - Open browser
2026-02-24 15:27:01 [main] INFO  Log - Navigate to 'https://saucedemo.com'
2026-02-24 15:27:03 [main] INFO  Log - Input credentials with invalid username
2026-02-24 15:27:03 [main] INFO  Log - Click login button
2026-02-24 15:27:04 [main] INFO  Log - Get error message: Epic sadface: Username and password do not match any user in this service
2026-02-24 15:27:04 [main] INFO  Log - Get page URL: https://www.saucedemo.com/
2026-02-24 15:27:04 [main] INFO  Log - Validate user failed to login and still on login page with url: https://www.saucedemo.com/
2026-02-24 15:27:04 [main] INFO  Log - Validate user failed to login and error message is displayed correctly
2026-02-24 15:27:04 [main] ERROR Log - TEST FAILED - Validate error message when login with invalid username | Expected: 😭: Username and password do not match any user in this service | Actual: Epic sadface: Username and password do not match any user in this service
2026-02-24 15:27:04 [main] INFO  Log - Quitting session and close browser
